[debug] [2022-10-30T06:34:15.853Z] ----------------------------------------------------------------------
[debug] [2022-10-30T06:34:15.859Z] Command:       C:\Program Files\nodejs\node.exe C:\Users\owner\AppData\Roaming\npm\node_modules\firebase-tools\lib\bin\firebase.js init
[debug] [2022-10-30T06:34:15.860Z] CLI Version:   11.15.0
[debug] [2022-10-30T06:34:15.860Z] Platform:      win32
[debug] [2022-10-30T06:34:15.861Z] Node Version:  v16.13.2
[debug] [2022-10-30T06:34:15.864Z] Time:          Sun Oct 30 2022 12:04:15 GMT+0530 (India Standard Time)
[debug] [2022-10-30T06:34:15.865Z] ----------------------------------------------------------------------
[debug] 
[debug] [2022-10-30T06:34:15.886Z] > command requires scopes: ["email","openid","https://www.googleapis.com/auth/cloudplatformprojects.readonly","https://www.googleapis.com/auth/firebase","https://www.googleapis.com/auth/cloud-platform"]
[debug] [2022-10-30T06:34:15.887Z] > authorizing via signed-in user (naikamje19ie@student.mes.ac.in)
[info] 
     ######## #### ########  ######## ########     ###     ######  ########
     ##        ##  ##     ## ##       ##     ##  ##   ##  ##       ##
     ######    ##  ########  ######   ########  #########  ######  ######
     ##        ##  ##    ##  ##       ##     ## ##     ##       ## ##
     ##       #### ##     ## ######## ########  ##     ##  ######  ########

You're about to initialize a Firebase project in this directory:

  D:\ioe_mp_firebase\ioe-mp

[info] 
=== Project Setup
[info] 
[info] First, let's associate this project directory with a Firebase project.
[info] You can create multiple project aliases by running firebase use --add, 
[info] but for now we'll just set up a default project.
[info] 
[debug] [2022-10-30T06:34:30.182Z] >>> [apiv2][query] GET https://firebase.googleapis.com/v1beta1/projects pageSize=100
[debug] [2022-10-30T06:34:31.267Z] <<< [apiv2][status] GET https://firebase.googleapis.com/v1beta1/projects 200
[debug] [2022-10-30T06:34:31.268Z] <<< [apiv2][body] GET https://firebase.googleapis.com/v1beta1/projects [omitted]
[info] i  Using project smart-bicycle-ioe (smart-bicycle-ioe) 
[info] 
=== Hosting Setup
[info] 
[info] Your public directory is the folder (relative to your project directory) that
[info] will contain Hosting assets to be uploaded with firebase deploy. If you
[info] have a build process for your assets, use your build's output directory.
[info] 
